INFO:config:åŸå§‹DATABASE_URL: postgresql://nijie@localhost:5432/pma_local
INFO:__main__:ç«¯å£ 8082 å·²è¢«å ç”¨ï¼Œå°è¯•æ¸…ç†...
INFO:__main__:å·²ç»ˆæ­¢å ç”¨ç«¯å£ 8082 çš„è¿›ç¨‹
INFO:app:æ•°æ®åº“è¡¨åˆ›å»ºæˆåŠŸ
INFO:app.utils.version_check:ç‰ˆæœ¬ä¿¡æ¯å·²ä¿å­˜åˆ° app_version.json
INFO:app.utils.version_check:æ¨¡å— user ä»£ç ä¸€è‡´
INFO:app.utils.version_check:æ¨¡å— customer ä»£ç ä¸€è‡´
INFO:app.utils.version_check:æ¨¡å— project ä»£ç ä¸€è‡´
INFO:app.utils.version_check:æ¨¡å— quotation ä»£ç ä¸€è‡´
INFO:app.utils.version_check:æ¨¡å— product ä»£ç ä¸€è‡´
INFO:app:åº”ç”¨ç‰ˆæœ¬æ£€æŸ¥å®Œæˆ
INFO:app:æ•°æ®æ‰€æœ‰æƒåˆå§‹åŒ–å·²è¢«å…³é—­
INFO:app:å­—å…¸æ•°æ®åˆå§‹åŒ–å·²è¢«å…³é—­
INFO:__main__:å¯åŠ¨åº”ç”¨äºç«¯å£ 8082
æ•°æ®åº“è¿æ¥æµ‹è¯•æˆåŠŸ!
 * Serving Flask app 'app'
 * Debug mode: on
INFO:werkzeug:[31m[1mWARNING: This is a development server. Do not use it in a production deployment. Use a production WSGI server instead.[0m
 * Running on all addresses (0.0.0.0)
 * Running on http://127.0.0.1:8082
 * Running on http://192.168.1.14:8082
INFO:werkzeug:[33mPress CTRL+C to quit[0m
INFO:werkzeug: * Restarting with stat
INFO:config:åŸå§‹DATABASE_URL: postgresql://nijie@localhost:5432/pma_local
INFO:app:æ•°æ®åº“è¡¨åˆ›å»ºæˆåŠŸ
INFO:app.utils.version_check:ç‰ˆæœ¬ä¿¡æ¯å·²ä¿å­˜åˆ° app_version.json
INFO:app.utils.version_check:æ¨¡å— user ä»£ç ä¸€è‡´
INFO:app.utils.version_check:æ¨¡å— customer ä»£ç ä¸€è‡´
INFO:app.utils.version_check:æ¨¡å— project ä»£ç ä¸€è‡´
INFO:app.utils.version_check:æ¨¡å— quotation ä»£ç ä¸€è‡´
INFO:app.utils.version_check:æ¨¡å— product ä»£ç ä¸€è‡´
INFO:app:åº”ç”¨ç‰ˆæœ¬æ£€æŸ¥å®Œæˆ
INFO:app:æ•°æ®æ‰€æœ‰æƒåˆå§‹åŒ–å·²è¢«å…³é—­
INFO:app:å­—å…¸æ•°æ®åˆå§‹åŒ–å·²è¢«å…³é—­
WARNING:werkzeug: * Debugger is active!
INFO:werkzeug: * Debugger PIN: 476-865-617
/opt/homebrew/Cellar/python@3.13/3.13.3/Frameworks/Python.framework/Versions/3.13/lib/python3.13/multiprocessing/resource_tracker.py:301: UserWarning: resource_tracker: There appear to be 1 leaked semaphore objects to clean up at shutdown: {'/mp-ccgoebcs'}
  warnings.warn(
/opt/homebrew/Cellar/python@3.13/3.13.3/Frameworks/Python.framework/Versions/3.13/lib/python3.13/multiprocessing/resource_tracker.py:301: UserWarning: resource_tracker: There appear to be 1 leaked semaphore objects to clean up at shutdown: {'/mp-vyezuji0'}
  warnings.warn(
